<?xml version="1.0" encoding="UTF-8"?>
<testsuite xmlns:xsi="http://www.w3.org/2001/XMLSchema-instance" xsi:noNamespaceSchemaLocation="https://maven.apache.org/surefire/maven-surefire-plugin/xsd/surefire-test-report.xsd" name="com.atguigu.test.UserMapperTest" time="11.048" tests="1" errors="0" skipped="0" failures="0">
  <properties>
    <property name="sun.desktop" value="windows"/>
    <property name="awt.toolkit" value="sun.awt.windows.WToolkit"/>
    <property name="file.encoding.pkg" value="sun.io"/>
    <property name="java.specification.version" value="1.8"/>
    <property name="sun.cpu.isalist" value="amd64"/>
    <property name="sun.jnu.encoding" value="GBK"/>
    <property name="java.class.path" value="D:\code\SpringBoot\SpringBoot_Case\target\test-classes;D:\code\SpringBoot\SpringBoot_Case\target\classes;D:\develop_tools\Repository\org\springframework\boot\spring-boot-starter-test\2.2.2.RELEASE\spring-boot-starter-test-2.2.2.RELEASE.jar;D:\develop_tools\Repository\org\springframework\boot\spring-boot-starter\2.2.2.RELEASE\spring-boot-starter-2.2.2.RELEASE.jar;D:\develop_tools\Repository\org\springframework\boot\spring-boot-starter-logging\2.2.2.RELEASE\spring-boot-starter-logging-2.2.2.RELEASE.jar;D:\develop_tools\Repository\ch\qos\logback\logback-classic\1.2.3\logback-classic-1.2.3.jar;D:\develop_tools\Repository\ch\qos\logback\logback-core\1.2.3\logback-core-1.2.3.jar;D:\develop_tools\Repository\org\apache\logging\log4j\log4j-to-slf4j\2.12.1\log4j-to-slf4j-2.12.1.jar;D:\develop_tools\Repository\org\apache\logging\log4j\log4j-api\2.12.1\log4j-api-2.12.1.jar;D:\develop_tools\Repository\org\slf4j\jul-to-slf4j\1.7.29\jul-to-slf4j-1.7.29.jar;D:\develop_tools\Repository\jakarta\annotation\jakarta.annotation-api\1.3.5\jakarta.annotation-api-1.3.5.jar;D:\develop_tools\Repository\org\yaml\snakeyaml\1.25\snakeyaml-1.25.jar;D:\develop_tools\Repository\org\springframework\boot\spring-boot-test\2.2.2.RELEASE\spring-boot-test-2.2.2.RELEASE.jar;D:\develop_tools\Repository\org\springframework\boot\spring-boot-test-autoconfigure\2.2.2.RELEASE\spring-boot-test-autoconfigure-2.2.2.RELEASE.jar;D:\develop_tools\Repository\com\jayway\jsonpath\json-path\2.4.0\json-path-2.4.0.jar;D:\develop_tools\Repository\net\minidev\json-smart\2.3\json-smart-2.3.jar;D:\develop_tools\Repository\net\minidev\accessors-smart\1.2\accessors-smart-1.2.jar;D:\develop_tools\Repository\org\ow2\asm\asm\5.0.4\asm-5.0.4.jar;D:\develop_tools\Repository\jakarta\xml\bind\jakarta.xml.bind-api\2.3.2\jakarta.xml.bind-api-2.3.2.jar;D:\develop_tools\Repository\jakarta\activation\jakarta.activation-api\1.2.1\jakarta.activation-api-1.2.1.jar;D:\develop_tools\Repository\org\junit\jupiter\junit-jupiter\5.5.2\junit-jupiter-5.5.2.jar;D:\develop_tools\Repository\org\junit\jupiter\junit-jupiter-api\5.5.2\junit-jupiter-api-5.5.2.jar;D:\develop_tools\Repository\org\opentest4j\opentest4j\1.2.0\opentest4j-1.2.0.jar;D:\develop_tools\Repository\org\junit\platform\junit-platform-commons\1.5.2\junit-platform-commons-1.5.2.jar;D:\develop_tools\Repository\org\junit\jupiter\junit-jupiter-params\5.5.2\junit-jupiter-params-5.5.2.jar;D:\develop_tools\Repository\org\junit\jupiter\junit-jupiter-engine\5.5.2\junit-jupiter-engine-5.5.2.jar;D:\develop_tools\Repository\org\junit\vintage\junit-vintage-engine\5.5.2\junit-vintage-engine-5.5.2.jar;D:\develop_tools\Repository\org\apiguardian\apiguardian-api\1.1.0\apiguardian-api-1.1.0.jar;D:\develop_tools\Repository\org\junit\platform\junit-platform-engine\1.5.2\junit-platform-engine-1.5.2.jar;D:\develop_tools\Repository\junit\junit\4.12\junit-4.12.jar;D:\develop_tools\Repository\org\mockito\mockito-junit-jupiter\3.1.0\mockito-junit-jupiter-3.1.0.jar;D:\develop_tools\Repository\org\assertj\assertj-core\3.13.2\assertj-core-3.13.2.jar;D:\develop_tools\Repository\org\hamcrest\hamcrest\2.1\hamcrest-2.1.jar;D:\develop_tools\Repository\org\mockito\mockito-core\3.1.0\mockito-core-3.1.0.jar;D:\develop_tools\Repository\net\bytebuddy\byte-buddy\1.10.4\byte-buddy-1.10.4.jar;D:\develop_tools\Repository\net\bytebuddy\byte-buddy-agent\1.10.4\byte-buddy-agent-1.10.4.jar;D:\develop_tools\Repository\org\objenesis\objenesis\2.6\objenesis-2.6.jar;D:\develop_tools\Repository\org\skyscreamer\jsonassert\1.5.0\jsonassert-1.5.0.jar;D:\develop_tools\Repository\com\vaadin\external\google\android-json\0.0.20131108.vaadin1\android-json-0.0.20131108.vaadin1.jar;D:\develop_tools\Repository\org\springframework\spring-core\5.2.2.RELEASE\spring-core-5.2.2.RELEASE.jar;D:\develop_tools\Repository\org\springframework\spring-jcl\5.2.2.RELEASE\spring-jcl-5.2.2.RELEASE.jar;D:\develop_tools\Repository\org\springframework\spring-test\5.2.2.RELEASE\spring-test-5.2.2.RELEASE.jar;D:\develop_tools\Repository\org\xmlunit\xmlunit-core\2.6.3\xmlunit-core-2.6.3.jar;D:\develop_tools\Repository\tk\mybatis\mapper-spring-boot-starter\2.1.5\mapper-spring-boot-starter-2.1.5.jar;D:\develop_tools\Repository\org\mybatis\mybatis\3.4.6\mybatis-3.4.6.jar;D:\develop_tools\Repository\org\mybatis\mybatis-spring\1.3.2\mybatis-spring-1.3.2.jar;D:\develop_tools\Repository\tk\mybatis\mapper-core\1.1.5\mapper-core-1.1.5.jar;D:\develop_tools\Repository\javax\persistence\persistence-api\1.0\persistence-api-1.0.jar;D:\develop_tools\Repository\tk\mybatis\mapper-base\1.1.5\mapper-base-1.1.5.jar;D:\develop_tools\Repository\tk\mybatis\mapper-weekend\1.1.5\mapper-weekend-1.1.5.jar;D:\develop_tools\Repository\tk\mybatis\mapper-spring\1.1.5\mapper-spring-1.1.5.jar;D:\develop_tools\Repository\tk\mybatis\mapper-extra\1.1.5\mapper-extra-1.1.5.jar;D:\develop_tools\Repository\tk\mybatis\mapper-spring-boot-autoconfigure\2.1.5\mapper-spring-boot-autoconfigure-2.1.5.jar;D:\develop_tools\Repository\org\springframework\boot\spring-boot-starter-jdbc\2.2.2.RELEASE\spring-boot-starter-jdbc-2.2.2.RELEASE.jar;D:\develop_tools\Repository\com\zaxxer\HikariCP\3.4.1\HikariCP-3.4.1.jar;D:\develop_tools\Repository\org\springframework\spring-jdbc\5.2.2.RELEASE\spring-jdbc-5.2.2.RELEASE.jar;D:\develop_tools\Repository\org\springframework\spring-beans\5.2.2.RELEASE\spring-beans-5.2.2.RELEASE.jar;D:\develop_tools\Repository\org\springframework\spring-tx\5.2.2.RELEASE\spring-tx-5.2.2.RELEASE.jar;D:\develop_tools\Repository\mysql\mysql-connector-java\5.1.47\mysql-connector-java-5.1.47.jar;D:\develop_tools\Repository\com\alibaba\druid-spring-boot-starter\1.1.10\druid-spring-boot-starter-1.1.10.jar;D:\develop_tools\Repository\com\alibaba\druid\1.1.10\druid-1.1.10.jar;D:\develop_tools\Repository\org\slf4j\slf4j-api\1.7.29\slf4j-api-1.7.29.jar;D:\develop_tools\Repository\org\springframework\boot\spring-boot-autoconfigure\2.2.2.RELEASE\spring-boot-autoconfigure-2.2.2.RELEASE.jar;D:\develop_tools\Repository\org\springframework\boot\spring-boot-starter-web\2.2.2.RELEASE\spring-boot-starter-web-2.2.2.RELEASE.jar;D:\develop_tools\Repository\org\springframework\boot\spring-boot-starter-json\2.2.2.RELEASE\spring-boot-starter-json-2.2.2.RELEASE.jar;D:\develop_tools\Repository\com\fasterxml\jackson\core\jackson-databind\2.10.1\jackson-databind-2.10.1.jar;D:\develop_tools\Repository\com\fasterxml\jackson\core\jackson-annotations\2.10.1\jackson-annotations-2.10.1.jar;D:\develop_tools\Repository\com\fasterxml\jackson\core\jackson-core\2.10.1\jackson-core-2.10.1.jar;D:\develop_tools\Repository\com\fasterxml\jackson\datatype\jackson-datatype-jdk8\2.10.1\jackson-datatype-jdk8-2.10.1.jar;D:\develop_tools\Repository\com\fasterxml\jackson\datatype\jackson-datatype-jsr310\2.10.1\jackson-datatype-jsr310-2.10.1.jar;D:\develop_tools\Repository\com\fasterxml\jackson\module\jackson-module-parameter-names\2.10.1\jackson-module-parameter-names-2.10.1.jar;D:\develop_tools\Repository\org\springframework\boot\spring-boot-starter-tomcat\2.2.2.RELEASE\spring-boot-starter-tomcat-2.2.2.RELEASE.jar;D:\develop_tools\Repository\org\apache\tomcat\embed\tomcat-embed-core\9.0.29\tomcat-embed-core-9.0.29.jar;D:\develop_tools\Repository\org\apache\tomcat\embed\tomcat-embed-el\9.0.29\tomcat-embed-el-9.0.29.jar;D:\develop_tools\Repository\org\apache\tomcat\embed\tomcat-embed-websocket\9.0.29\tomcat-embed-websocket-9.0.29.jar;D:\develop_tools\Repository\org\springframework\boot\spring-boot-starter-validation\2.2.2.RELEASE\spring-boot-starter-validation-2.2.2.RELEASE.jar;D:\develop_tools\Repository\jakarta\validation\jakarta.validation-api\2.0.1\jakarta.validation-api-2.0.1.jar;D:\develop_tools\Repository\org\hibernate\validator\hibernate-validator\6.0.18.Final\hibernate-validator-6.0.18.Final.jar;D:\develop_tools\Repository\org\jboss\logging\jboss-logging\3.4.1.Final\jboss-logging-3.4.1.Final.jar;D:\develop_tools\Repository\com\fasterxml\classmate\1.5.1\classmate-1.5.1.jar;D:\develop_tools\Repository\org\springframework\spring-web\5.2.2.RELEASE\spring-web-5.2.2.RELEASE.jar;D:\develop_tools\Repository\org\springframework\spring-webmvc\5.2.2.RELEASE\spring-webmvc-5.2.2.RELEASE.jar;D:\develop_tools\Repository\org\springframework\spring-aop\5.2.2.RELEASE\spring-aop-5.2.2.RELEASE.jar;D:\develop_tools\Repository\org\springframework\spring-context\5.2.2.RELEASE\spring-context-5.2.2.RELEASE.jar;D:\develop_tools\Repository\org\springframework\spring-expression\5.2.2.RELEASE\spring-expression-5.2.2.RELEASE.jar;D:\develop_tools\Repository\org\springframework\boot\spring-boot-starter-actuator\2.2.2.RELEASE\spring-boot-starter-actuator-2.2.2.RELEASE.jar;D:\develop_tools\Repository\org\springframework\boot\spring-boot-actuator-autoconfigure\2.2.2.RELEASE\spring-boot-actuator-autoconfigure-2.2.2.RELEASE.jar;D:\develop_tools\Repository\org\springframework\boot\spring-boot-actuator\2.2.2.RELEASE\spring-boot-actuator-2.2.2.RELEASE.jar;D:\develop_tools\Repository\io\micrometer\micrometer-core\1.3.1\micrometer-core-1.3.1.jar;D:\develop_tools\Repository\org\hdrhistogram\HdrHistogram\2.1.11\HdrHistogram-2.1.11.jar;D:\develop_tools\Repository\org\latencyutils\LatencyUtils\2.0.3\LatencyUtils-2.0.3.jar;D:\develop_tools\Repository\org\apache\commons\commons-lang3\3.9\commons-lang3-3.9.jar;D:\develop_tools\Repository\org\springframework\boot\spring-boot-devtools\2.2.2.RELEASE\spring-boot-devtools-2.2.2.RELEASE.jar;D:\develop_tools\Repository\org\springframework\boot\spring-boot\2.2.2.RELEASE\spring-boot-2.2.2.RELEASE.jar;D:\develop_tools\Repository\org\springframework\boot\spring-boot-starter-data-redis\2.2.2.RELEASE\spring-boot-starter-data-redis-2.2.2.RELEASE.jar;D:\develop_tools\Repository\org\springframework\data\spring-data-redis\2.2.3.RELEASE\spring-data-redis-2.2.3.RELEASE.jar;D:\develop_tools\Repository\org\springframework\data\spring-data-keyvalue\2.2.3.RELEASE\spring-data-keyvalue-2.2.3.RELEASE.jar;D:\develop_tools\Repository\org\springframework\data\spring-data-commons\2.2.3.RELEASE\spring-data-commons-2.2.3.RELEASE.jar;D:\develop_tools\Repository\org\springframework\spring-oxm\5.2.2.RELEASE\spring-oxm-5.2.2.RELEASE.jar;D:\develop_tools\Repository\org\springframework\spring-context-support\5.2.2.RELEASE\spring-context-support-5.2.2.RELEASE.jar;D:\develop_tools\Repository\io\lettuce\lettuce-core\5.2.1.RELEASE\lettuce-core-5.2.1.RELEASE.jar;D:\develop_tools\Repository\io\netty\netty-common\4.1.43.Final\netty-common-4.1.43.Final.jar;D:\develop_tools\Repository\io\netty\netty-handler\4.1.43.Final\netty-handler-4.1.43.Final.jar;D:\develop_tools\Repository\io\netty\netty-buffer\4.1.43.Final\netty-buffer-4.1.43.Final.jar;D:\develop_tools\Repository\io\netty\netty-codec\4.1.43.Final\netty-codec-4.1.43.Final.jar;D:\develop_tools\Repository\io\netty\netty-transport\4.1.43.Final\netty-transport-4.1.43.Final.jar;D:\develop_tools\Repository\io\netty\netty-resolver\4.1.43.Final\netty-resolver-4.1.43.Final.jar;D:\develop_tools\Repository\io\projectreactor\reactor-core\3.3.1.RELEASE\reactor-core-3.3.1.RELEASE.jar;D:\develop_tools\Repository\org\reactivestreams\reactive-streams\1.0.3\reactive-streams-1.0.3.jar;"/>
    <property name="java.vm.vendor" value="Oracle Corporation"/>
    <property name="sun.arch.data.model" value="64"/>
    <property name="user.variant" value=""/>
    <property name="java.vendor.url" value="http://java.oracle.com/"/>
    <property name="user.timezone" value="Asia/Shanghai"/>
    <property name="java.vm.specification.version" value="1.8"/>
    <property name="os.name" value="Windows 10"/>
    <property name="user.country" value="CN"/>
    <property name="sun.java.launcher" value="SUN_STANDARD"/>
    <property name="sun.boot.library.path" value="D:\develop_tools\jdk1.8\jre\bin"/>
    <property name="sun.java.command" value="C:\Users\ADMINI~1\AppData\Local\Temp\surefire7627496934604932677\surefirebooter7859674579245425817.jar C:\Users\Administrator\AppData\Local\Temp\surefire7627496934604932677 2020-11-26T14-41-27_253-jvmRun1 surefire7663696322174219064tmp surefire_08958836731145811744tmp"/>
    <property name="surefire.test.class.path" value="D:\code\SpringBoot\SpringBoot_Case\target\test-classes;D:\code\SpringBoot\SpringBoot_Case\target\classes;D:\develop_tools\Repository\org\springframework\boot\spring-boot-starter-test\2.2.2.RELEASE\spring-boot-starter-test-2.2.2.RELEASE.jar;D:\develop_tools\Repository\org\springframework\boot\spring-boot-starter\2.2.2.RELEASE\spring-boot-starter-2.2.2.RELEASE.jar;D:\develop_tools\Repository\org\springframework\boot\spring-boot-starter-logging\2.2.2.RELEASE\spring-boot-starter-logging-2.2.2.RELEASE.jar;D:\develop_tools\Repository\ch\qos\logback\logback-classic\1.2.3\logback-classic-1.2.3.jar;D:\develop_tools\Repository\ch\qos\logback\logback-core\1.2.3\logback-core-1.2.3.jar;D:\develop_tools\Repository\org\apache\logging\log4j\log4j-to-slf4j\2.12.1\log4j-to-slf4j-2.12.1.jar;D:\develop_tools\Repository\org\apache\logging\log4j\log4j-api\2.12.1\log4j-api-2.12.1.jar;D:\develop_tools\Repository\org\slf4j\jul-to-slf4j\1.7.29\jul-to-slf4j-1.7.29.jar;D:\develop_tools\Repository\jakarta\annotation\jakarta.annotation-api\1.3.5\jakarta.annotation-api-1.3.5.jar;D:\develop_tools\Repository\org\yaml\snakeyaml\1.25\snakeyaml-1.25.jar;D:\develop_tools\Repository\org\springframework\boot\spring-boot-test\2.2.2.RELEASE\spring-boot-test-2.2.2.RELEASE.jar;D:\develop_tools\Repository\org\springframework\boot\spring-boot-test-autoconfigure\2.2.2.RELEASE\spring-boot-test-autoconfigure-2.2.2.RELEASE.jar;D:\develop_tools\Repository\com\jayway\jsonpath\json-path\2.4.0\json-path-2.4.0.jar;D:\develop_tools\Repository\net\minidev\json-smart\2.3\json-smart-2.3.jar;D:\develop_tools\Repository\net\minidev\accessors-smart\1.2\accessors-smart-1.2.jar;D:\develop_tools\Repository\org\ow2\asm\asm\5.0.4\asm-5.0.4.jar;D:\develop_tools\Repository\jakarta\xml\bind\jakarta.xml.bind-api\2.3.2\jakarta.xml.bind-api-2.3.2.jar;D:\develop_tools\Repository\jakarta\activation\jakarta.activation-api\1.2.1\jakarta.activation-api-1.2.1.jar;D:\develop_tools\Repository\org\junit\jupiter\junit-jupiter\5.5.2\junit-jupiter-5.5.2.jar;D:\develop_tools\Repository\org\junit\jupiter\junit-jupiter-api\5.5.2\junit-jupiter-api-5.5.2.jar;D:\develop_tools\Repository\org\opentest4j\opentest4j\1.2.0\opentest4j-1.2.0.jar;D:\develop_tools\Repository\org\junit\platform\junit-platform-commons\1.5.2\junit-platform-commons-1.5.2.jar;D:\develop_tools\Repository\org\junit\jupiter\junit-jupiter-params\5.5.2\junit-jupiter-params-5.5.2.jar;D:\develop_tools\Repository\org\junit\jupiter\junit-jupiter-engine\5.5.2\junit-jupiter-engine-5.5.2.jar;D:\develop_tools\Repository\org\junit\vintage\junit-vintage-engine\5.5.2\junit-vintage-engine-5.5.2.jar;D:\develop_tools\Repository\org\apiguardian\apiguardian-api\1.1.0\apiguardian-api-1.1.0.jar;D:\develop_tools\Repository\org\junit\platform\junit-platform-engine\1.5.2\junit-platform-engine-1.5.2.jar;D:\develop_tools\Repository\junit\junit\4.12\junit-4.12.jar;D:\develop_tools\Repository\org\mockito\mockito-junit-jupiter\3.1.0\mockito-junit-jupiter-3.1.0.jar;D:\develop_tools\Repository\org\assertj\assertj-core\3.13.2\assertj-core-3.13.2.jar;D:\develop_tools\Repository\org\hamcrest\hamcrest\2.1\hamcrest-2.1.jar;D:\develop_tools\Repository\org\mockito\mockito-core\3.1.0\mockito-core-3.1.0.jar;D:\develop_tools\Repository\net\bytebuddy\byte-buddy\1.10.4\byte-buddy-1.10.4.jar;D:\develop_tools\Repository\net\bytebuddy\byte-buddy-agent\1.10.4\byte-buddy-agent-1.10.4.jar;D:\develop_tools\Repository\org\objenesis\objenesis\2.6\objenesis-2.6.jar;D:\develop_tools\Repository\org\skyscreamer\jsonassert\1.5.0\jsonassert-1.5.0.jar;D:\develop_tools\Repository\com\vaadin\external\google\android-json\0.0.20131108.vaadin1\android-json-0.0.20131108.vaadin1.jar;D:\develop_tools\Repository\org\springframework\spring-core\5.2.2.RELEASE\spring-core-5.2.2.RELEASE.jar;D:\develop_tools\Repository\org\springframework\spring-jcl\5.2.2.RELEASE\spring-jcl-5.2.2.RELEASE.jar;D:\develop_tools\Repository\org\springframework\spring-test\5.2.2.RELEASE\spring-test-5.2.2.RELEASE.jar;D:\develop_tools\Repository\org\xmlunit\xmlunit-core\2.6.3\xmlunit-core-2.6.3.jar;D:\develop_tools\Repository\tk\mybatis\mapper-spring-boot-starter\2.1.5\mapper-spring-boot-starter-2.1.5.jar;D:\develop_tools\Repository\org\mybatis\mybatis\3.4.6\mybatis-3.4.6.jar;D:\develop_tools\Repository\org\mybatis\mybatis-spring\1.3.2\mybatis-spring-1.3.2.jar;D:\develop_tools\Repository\tk\mybatis\mapper-core\1.1.5\mapper-core-1.1.5.jar;D:\develop_tools\Repository\javax\persistence\persistence-api\1.0\persistence-api-1.0.jar;D:\develop_tools\Repository\tk\mybatis\mapper-base\1.1.5\mapper-base-1.1.5.jar;D:\develop_tools\Repository\tk\mybatis\mapper-weekend\1.1.5\mapper-weekend-1.1.5.jar;D:\develop_tools\Repository\tk\mybatis\mapper-spring\1.1.5\mapper-spring-1.1.5.jar;D:\develop_tools\Repository\tk\mybatis\mapper-extra\1.1.5\mapper-extra-1.1.5.jar;D:\develop_tools\Repository\tk\mybatis\mapper-spring-boot-autoconfigure\2.1.5\mapper-spring-boot-autoconfigure-2.1.5.jar;D:\develop_tools\Repository\org\springframework\boot\spring-boot-starter-jdbc\2.2.2.RELEASE\spring-boot-starter-jdbc-2.2.2.RELEASE.jar;D:\develop_tools\Repository\com\zaxxer\HikariCP\3.4.1\HikariCP-3.4.1.jar;D:\develop_tools\Repository\org\springframework\spring-jdbc\5.2.2.RELEASE\spring-jdbc-5.2.2.RELEASE.jar;D:\develop_tools\Repository\org\springframework\spring-beans\5.2.2.RELEASE\spring-beans-5.2.2.RELEASE.jar;D:\develop_tools\Repository\org\springframework\spring-tx\5.2.2.RELEASE\spring-tx-5.2.2.RELEASE.jar;D:\develop_tools\Repository\mysql\mysql-connector-java\5.1.47\mysql-connector-java-5.1.47.jar;D:\develop_tools\Repository\com\alibaba\druid-spring-boot-starter\1.1.10\druid-spring-boot-starter-1.1.10.jar;D:\develop_tools\Repository\com\alibaba\druid\1.1.10\druid-1.1.10.jar;D:\develop_tools\Repository\org\slf4j\slf4j-api\1.7.29\slf4j-api-1.7.29.jar;D:\develop_tools\Repository\org\springframework\boot\spring-boot-autoconfigure\2.2.2.RELEASE\spring-boot-autoconfigure-2.2.2.RELEASE.jar;D:\develop_tools\Repository\org\springframework\boot\spring-boot-starter-web\2.2.2.RELEASE\spring-boot-starter-web-2.2.2.RELEASE.jar;D:\develop_tools\Repository\org\springframework\boot\spring-boot-starter-json\2.2.2.RELEASE\spring-boot-starter-json-2.2.2.RELEASE.jar;D:\develop_tools\Repository\com\fasterxml\jackson\core\jackson-databind\2.10.1\jackson-databind-2.10.1.jar;D:\develop_tools\Repository\com\fasterxml\jackson\core\jackson-annotations\2.10.1\jackson-annotations-2.10.1.jar;D:\develop_tools\Repository\com\fasterxml\jackson\core\jackson-core\2.10.1\jackson-core-2.10.1.jar;D:\develop_tools\Repository\com\fasterxml\jackson\datatype\jackson-datatype-jdk8\2.10.1\jackson-datatype-jdk8-2.10.1.jar;D:\develop_tools\Repository\com\fasterxml\jackson\datatype\jackson-datatype-jsr310\2.10.1\jackson-datatype-jsr310-2.10.1.jar;D:\develop_tools\Repository\com\fasterxml\jackson\module\jackson-module-parameter-names\2.10.1\jackson-module-parameter-names-2.10.1.jar;D:\develop_tools\Repository\org\springframework\boot\spring-boot-starter-tomcat\2.2.2.RELEASE\spring-boot-starter-tomcat-2.2.2.RELEASE.jar;D:\develop_tools\Repository\org\apache\tomcat\embed\tomcat-embed-core\9.0.29\tomcat-embed-core-9.0.29.jar;D:\develop_tools\Repository\org\apache\tomcat\embed\tomcat-embed-el\9.0.29\tomcat-embed-el-9.0.29.jar;D:\develop_tools\Repository\org\apache\tomcat\embed\tomcat-embed-websocket\9.0.29\tomcat-embed-websocket-9.0.29.jar;D:\develop_tools\Repository\org\springframework\boot\spring-boot-starter-validation\2.2.2.RELEASE\spring-boot-starter-validation-2.2.2.RELEASE.jar;D:\develop_tools\Repository\jakarta\validation\jakarta.validation-api\2.0.1\jakarta.validation-api-2.0.1.jar;D:\develop_tools\Repository\org\hibernate\validator\hibernate-validator\6.0.18.Final\hibernate-validator-6.0.18.Final.jar;D:\develop_tools\Repository\org\jboss\logging\jboss-logging\3.4.1.Final\jboss-logging-3.4.1.Final.jar;D:\develop_tools\Repository\com\fasterxml\classmate\1.5.1\classmate-1.5.1.jar;D:\develop_tools\Repository\org\springframework\spring-web\5.2.2.RELEASE\spring-web-5.2.2.RELEASE.jar;D:\develop_tools\Repository\org\springframework\spring-webmvc\5.2.2.RELEASE\spring-webmvc-5.2.2.RELEASE.jar;D:\develop_tools\Repository\org\springframework\spring-aop\5.2.2.RELEASE\spring-aop-5.2.2.RELEASE.jar;D:\develop_tools\Repository\org\springframework\spring-context\5.2.2.RELEASE\spring-context-5.2.2.RELEASE.jar;D:\develop_tools\Repository\org\springframework\spring-expression\5.2.2.RELEASE\spring-expression-5.2.2.RELEASE.jar;D:\develop_tools\Repository\org\springframework\boot\spring-boot-starter-actuator\2.2.2.RELEASE\spring-boot-starter-actuator-2.2.2.RELEASE.jar;D:\develop_tools\Repository\org\springframework\boot\spring-boot-actuator-autoconfigure\2.2.2.RELEASE\spring-boot-actuator-autoconfigure-2.2.2.RELEASE.jar;D:\develop_tools\Repository\org\springframework\boot\spring-boot-actuator\2.2.2.RELEASE\spring-boot-actuator-2.2.2.RELEASE.jar;D:\develop_tools\Repository\io\micrometer\micrometer-core\1.3.1\micrometer-core-1.3.1.jar;D:\develop_tools\Repository\org\hdrhistogram\HdrHistogram\2.1.11\HdrHistogram-2.1.11.jar;D:\develop_tools\Repository\org\latencyutils\LatencyUtils\2.0.3\LatencyUtils-2.0.3.jar;D:\develop_tools\Repository\org\apache\commons\commons-lang3\3.9\commons-lang3-3.9.jar;D:\develop_tools\Repository\org\springframework\boot\spring-boot-devtools\2.2.2.RELEASE\spring-boot-devtools-2.2.2.RELEASE.jar;D:\develop_tools\Repository\org\springframework\boot\spring-boot\2.2.2.RELEASE\spring-boot-2.2.2.RELEASE.jar;D:\develop_tools\Repository\org\springframework\boot\spring-boot-starter-data-redis\2.2.2.RELEASE\spring-boot-starter-data-redis-2.2.2.RELEASE.jar;D:\develop_tools\Repository\org\springframework\data\spring-data-redis\2.2.3.RELEASE\spring-data-redis-2.2.3.RELEASE.jar;D:\develop_tools\Repository\org\springframework\data\spring-data-keyvalue\2.2.3.RELEASE\spring-data-keyvalue-2.2.3.RELEASE.jar;D:\develop_tools\Repository\org\springframework\data\spring-data-commons\2.2.3.RELEASE\spring-data-commons-2.2.3.RELEASE.jar;D:\develop_tools\Repository\org\springframework\spring-oxm\5.2.2.RELEASE\spring-oxm-5.2.2.RELEASE.jar;D:\develop_tools\Repository\org\springframework\spring-context-support\5.2.2.RELEASE\spring-context-support-5.2.2.RELEASE.jar;D:\develop_tools\Repository\io\lettuce\lettuce-core\5.2.1.RELEASE\lettuce-core-5.2.1.RELEASE.jar;D:\develop_tools\Repository\io\netty\netty-common\4.1.43.Final\netty-common-4.1.43.Final.jar;D:\develop_tools\Repository\io\netty\netty-handler\4.1.43.Final\netty-handler-4.1.43.Final.jar;D:\develop_tools\Repository\io\netty\netty-buffer\4.1.43.Final\netty-buffer-4.1.43.Final.jar;D:\develop_tools\Repository\io\netty\netty-codec\4.1.43.Final\netty-codec-4.1.43.Final.jar;D:\develop_tools\Repository\io\netty\netty-transport\4.1.43.Final\netty-transport-4.1.43.Final.jar;D:\develop_tools\Repository\io\netty\netty-resolver\4.1.43.Final\netty-resolver-4.1.43.Final.jar;D:\develop_tools\Repository\io\projectreactor\reactor-core\3.3.1.RELEASE\reactor-core-3.3.1.RELEASE.jar;D:\develop_tools\Repository\org\reactivestreams\reactive-streams\1.0.3\reactive-streams-1.0.3.jar;"/>
    <property name="sun.cpu.endian" value="little"/>
    <property name="user.home" value="C:\Users\Administrator"/>
    <property name="user.language" value="zh"/>
    <property name="java.specification.vendor" value="Oracle Corporation"/>
    <property name="java.home" value="D:\develop_tools\jdk1.8\jre"/>
    <property name="basedir" value="D:\code\SpringBoot\SpringBoot_Case"/>
    <property name="file.separator" value="\"/>
    <property name="line.separator" value="&#10;"/>
    <property name="idea.version2019.2.3" value="true"/>
    <property name="java.vm.specification.vendor" value="Oracle Corporation"/>
    <property name="java.specification.name" value="Java Platform API Specification"/>
    <property name="java.awt.graphicsenv" value="sun.awt.Win32GraphicsEnvironment"/>
    <property name="surefire.real.class.path" value="C:\Users\ADMINI~1\AppData\Local\Temp\surefire7627496934604932677\surefirebooter7859674579245425817.jar"/>
    <property name="sun.boot.class.path" value="D:\develop_tools\jdk1.8\jre\lib\resources.jar;D:\develop_tools\jdk1.8\jre\lib\rt.jar;D:\develop_tools\jdk1.8\jre\lib\sunrsasign.jar;D:\develop_tools\jdk1.8\jre\lib\jsse.jar;D:\develop_tools\jdk1.8\jre\lib\jce.jar;D:\develop_tools\jdk1.8\jre\lib\charsets.jar;D:\develop_tools\jdk1.8\jre\lib\jfr.jar;D:\develop_tools\jdk1.8\jre\classes"/>
    <property name="user.script" value=""/>
    <property name="sun.management.compiler" value="HotSpot 64-Bit Tiered Compilers"/>
    <property name="java.runtime.version" value="1.8.0_251-b08"/>
    <property name="user.name" value="Administrator"/>
    <property name="path.separator" value=";"/>
    <property name="os.version" value="10.0"/>
    <property name="java.endorsed.dirs" value="D:\develop_tools\jdk1.8\jre\lib\endorsed"/>
    <property name="java.runtime.name" value="Java(TM) SE Runtime Environment"/>
    <property name="file.encoding" value="GBK"/>
    <property name="java.vm.name" value="Java HotSpot(TM) 64-Bit Server VM"/>
    <property name="localRepository" value="D:\develop_tools\Repository"/>
    <property name="java.vendor.url.bug" value="http://bugreport.sun.com/bugreport/"/>
    <property name="java.io.tmpdir" value="C:\Users\ADMINI~1\AppData\Local\Temp\"/>
    <property name="java.version" value="1.8.0_251"/>
    <property name="user.dir" value="D:\code\SpringBoot\SpringBoot_Case"/>
    <property name="os.arch" value="amd64"/>
    <property name="java.vm.specification.name" value="Java Virtual Machine Specification"/>
    <property name="java.awt.printerjob" value="sun.awt.windows.WPrinterJob"/>
    <property name="sun.os.patch.level" value=""/>
    <property name="java.library.path" value="D:\develop_tools\jdk1.8\jre\bin;C:\WINDOWS\Sun\Java\bin;C:\WINDOWS\system32;C:\WINDOWS;D:\develop_tools\jdk1.8\bin;C:\Program Files (x86)\Common Files\Oracle\Java\javapath;C:\WINDOWS\system32;C:\WINDOWS;C:\WINDOWS\System32\Wbem;C:\WINDOWS\System32\WindowsPowerShell\v1.0\;D:\develop_tools\MySQL\MySQL Server 5.5\bin;D:\develop_tools\maven\bin;C:\Users\Administrator\AppData\Local\Microsoft\WindowsApps;;D:\develop_tools\IDEA\IntelliJ_IDEA_2019.2.3\bin;;."/>
    <property name="java.vm.info" value="mixed mode"/>
    <property name="java.vendor" value="Oracle Corporation"/>
    <property name="java.vm.version" value="25.251-b08"/>
    <property name="java.ext.dirs" value="D:\develop_tools\jdk1.8\jre\lib\ext;C:\WINDOWS\Sun\Java\lib\ext"/>
    <property name="sun.io.unicode.encoding" value="UnicodeLittle"/>
    <property name="maven.repo.local" value="D:\develop_tools\Repository"/>
    <property name="java.class.version" value="52.0"/>
  </properties>
  <testcase name="testFindAll" classname="com.atguigu.test.UserMapperTest" time="0.966"/>
</testsuite>